ARTry/build/outputs/logs/manifest-merger-release-report.txt
-- Merging decision tree log ---
manifest
ADDED from src\main\AndroidManifest.xml:2:1-38:12
INJECTED from src\main\AndroidManifest.xml:2:1-38:12
INJECTED from src\main\AndroidManifest.xml:2:1-38:12
INJECTED from src\main\AndroidManifest.xml:2:1-38:12
INJECTED from src\main\AndroidManifest.xml:2:1-38:12
INJECTED from src\main\AndroidManifest.xml:2:1-38:12
INJECTED from src\main\AndroidManifest.xml:2:1-38:12
	package
		ADDED from src\main\AndroidManifest.xml:2:70-97
		INJECTED from src\main\AndroidManifest.xml
		INJECTED from src\main\AndroidManifest.xml
	android:versionName
		ADDED from src\main\AndroidManifest.xml:2:170-195
		INJECTED from src\main\AndroidManifest.xml
		INJECTED from src\main\AndroidManifest.xml
	xmlns:android
		ADDED from src\main\AndroidManifest.xml:2:11-69
	android:versionCode
		ADDED from src\main\AndroidManifest.xml:2:146-169
		INJECTED from src\main\AndroidManifest.xml
		INJECTED from src\main\AndroidManifest.xml
	android:installLocation
		ADDED from src\main\AndroidManifest.xml:2:196-236
	android:theme
		ADDED from src\main\AndroidManifest.xml:2:98-145
uses-sdk
ADDED from src\main\AndroidManifest.xml:3:3-72
INJECTED from src\main\AndroidManifest.xml:3:3-72
INJECTED from src\main\AndroidManifest.xml:3:3-72
INJECTED from src\main\AndroidManifest.xml:3:3-72
INJECTED from src\main\AndroidManifest.xml:3:3-72
	android:targetSdkVersion
		ADDED from src\main\AndroidManifest.xml:3:40-69
		INJECTED from src\main\AndroidManifest.xml
		INJECTED from src\main\AndroidManifest.xml
	android:minSdkVersion
		ADDED from src\main\AndroidManifest.xml:3:13-39
		INJECTED from src\main\AndroidManifest.xml
		INJECTED from src\main\AndroidManifest.xml
uses-feature#android.hardware.camera
ADDED from src\main\AndroidManifest.xml:4:3-58
	android:name
		ADDED from src\main\AndroidManifest.xml:4:17-55
supports-screens
ADDED from src\main\AndroidManifest.xml:5:3-163
	android:largeScreens
		ADDED from src\main\AndroidManifest.xml:5:78-105
	android:smallScreens
		ADDED from src\main\AndroidManifest.xml:5:21-48
	android:normalScreens
		ADDED from src\main\AndroidManifest.xml:5:49-77
	android:xlargeScreens
		ADDED from src\main\AndroidManifest.xml:5:106-134
	android:anyDensity
		ADDED from src\main\AndroidManifest.xml:5:135-160
uses-permission#android.permission.INTERNET
ADDED from src\main\AndroidManifest.xml:6:3-65
	android:name
		ADDED from src\main\AndroidManifest.xml:6:20-62
uses-permission#android.permission.CAMERA
ADDED from src\main\AndroidManifest.xml:7:3-63
	android:name
		ADDED from src\main\AndroidManifest.xml:7:20-60
uses-permission#android.permission.ACCESS_NETWORK_STATE
ADDED from src\main\AndroidManifest.xml:8:3-77
	android:name
		ADDED from src\main\AndroidManifest.xml:8:20-74
uses-permission#android.permission.WRITE_EXTERNAL_STORAGE
ADDED from src\main\AndroidManifest.xml:9:3-79
	android:name
		ADDED from src\main\AndroidManifest.xml:9:20-76
application
ADDED from src\main\AndroidManifest.xml:10:3-31:17
	android:label
		ADDED from src\main\AndroidManifest.xml:10:16-48
	android:icon
		ADDED from src\main\AndroidManifest.xml:10:110-141
	android:banner
		ADDED from src\main\AndroidManifest.xml:10:72-109
	android:theme
		ADDED from src\main\AndroidManifest.xml:10:142-195
	android:isGame
		ADDED from src\main\AndroidManifest.xml:10:49-71
activity#com.unity3d.player.UnityPlayerNativeActivity
ADDED from src\main\AndroidManifest.xml:11:5-15:16
	android:screenOrientation
		ADDED from src\main\AndroidManifest.xml:11:108-145
	android:label
		ADDED from src\main\AndroidManifest.xml:11:75-107
	android:launchMode
		ADDED from src\main\AndroidManifest.xml:11:146-177
	android:hardwareAccelerated
		ADDED from src\main\AndroidManifest.xml:11:360-395
	android:configChanges
		ADDED from src\main\AndroidManifest.xml:11:178-359
	android:name
		ADDED from src\main\AndroidManifest.xml:11:15-74
meta-data#unityplayer.UnityActivity
ADDED from src\main\AndroidManifest.xml:13:7-82
	android:value
		ADDED from src\main\AndroidManifest.xml:13:59-79
	android:name
		ADDED from src\main\AndroidManifest.xml:13:18-58
meta-data#unityplayer.ForwardNativeEventsToDalvik
ADDED from src\main\AndroidManifest.xml:14:7-97
	android:value
		ADDED from src\main\AndroidManifest.xml:14:73-94
	android:name
		ADDED from src\main\AndroidManifest.xml:14:18-72
activity#com.unity3d.player.VideoPlayer
ADDED from src\main\AndroidManifest.xml:16:5-17:16
	android:screenOrientation
		ADDED from src\main\AndroidManifest.xml:16:94-130
	android:label
		ADDED from src\main\AndroidManifest.xml:16:61-93
	android:configChanges
		ADDED from src\main\AndroidManifest.xml:16:131-288
	android:name
		ADDED from src\main\AndroidManifest.xml:16:15-60
uses-library#com.ti.s3d
ADDED from src\main\AndroidManifest.xml:23:5-72
	android:required
		ADDED from src\main\AndroidManifest.xml:23:45-69
	android:name
		ADDED from src\main\AndroidManifest.xml:23:19-44
uses-library#com.osterhoutgroup.api.ext
ADDED from src\main\AndroidManifest.xml:27:5-88
	android:required
		ADDED from src\main\AndroidManifest.xml:27:61-85
	android:name
		ADDED from src\main\AndroidManifest.xml:27:19-60
meta-data#unity.build-id
ADDED from src\main\AndroidManifest.xml:28:5-101
	android:value
		ADDED from src\main\AndroidManifest.xml:28:46-98
	android:name
		ADDED from src\main\AndroidManifest.xml:28:16-45
meta-data#unity.splash-mode
ADDED from src\main\AndroidManifest.xml:29:5-69
	android:value
		ADDED from src\main\AndroidManifest.xml:29:49-66
	android:name
		ADDED from src\main\AndroidManifest.xml:29:16-48
meta-data#unity.splash-enable
ADDED from src\main\AndroidManifest.xml:30:5-75
	android:value
		ADDED from src\main\AndroidManifest.xml:30:51-72
	android:name
		ADDED from src\main\AndroidManifest.xml:30:16-50
uses-feature#0x00020000
ADDED from src\main\AndroidManifest.xml:32:3-52
	android:glEsVersion
		ADDED from src\main\AndroidManifest.xml:32:17-49
uses-feature#android.hardware.camera.autofocus
ADDED from src\main\AndroidManifest.xml:33:3-93
	android:required
		ADDED from src\main\AndroidManifest.xml:33:66-90
	android:name
		ADDED from src\main\AndroidManifest.xml:33:17-65
uses-feature#android.hardware.camera.front
ADDED from src\main\AndroidManifest.xml:34:3-89
	android:required
		ADDED from src\main\AndroidManifest.xml:34:62-86
	android:name
		ADDED from src\main\AndroidManifest.xml:34:17-61
uses-feature#android.hardware.touchscreen
ADDED from src\main\AndroidManifest.xml:35:3-88
	android:required
		ADDED from src\main\AndroidManifest.xml:35:61-85
	android:name
		ADDED from src\main\AndroidManifest.xml:35:17-60
uses-feature#android.hardware.touchscreen.multitouch
ADDED from src\main\AndroidManifest.xml:36:3-99
	android:required
		ADDED from src\main\AndroidManifest.xml:36:72-96
	android:name
		ADDED from src\main\AndroidManifest.xml:36:17-71
uses-feature#android.hardware.touchscreen.multitouch.distinct
ADDED from src\main\AndroidManifest.xml:37:3-108
	android:required
		ADDED from src\main\AndroidManifest.xml:37:81-105
	android:name
		ADDED from src\main\AndroidManifest.xml:37:17-80